{"/home/msi/Dokumenter/Arbejde/Projekter/React Native/NewAppRepo/src/App.tsx": {"path":"/home/msi/Dokumenter/Arbejde/Projekter/React Native/NewAppRepo/src/App.tsx","statementMap":{"0":{"start":{"line":10,"column":12},"end":{"line":10,"column":38}},"1":{"start":{"line":12,"column":12},"end":{"line":50,"column":1}},"2":{"start":{"line":13,"column":14},"end":{"line":13,"column":30}},"3":{"start":{"line":14,"column":2},"end":{"line":49,"column":4}},"4":{"start":{"line":23,"column":14},"end":{"line":28,"column":16}},"5":{"start":{"line":38,"column":14},"end":{"line":43,"column":16}}},"fnMap":{"0":{"name":"(anonymous_0)","decl":{"start":{"line":12,"column":12},"end":{"line":12,"column":13}},"loc":{"start":{"line":12,"column":18},"end":{"line":50,"column":1}},"line":12},"1":{"name":"(anonymous_1)","decl":{"start":{"line":22,"column":24},"end":{"line":22,"column":25}},"loc":{"start":{"line":23,"column":14},"end":{"line":28,"column":16}},"line":23},"2":{"name":"(anonymous_2)","decl":{"start":{"line":37,"column":24},"end":{"line":37,"column":25}},"loc":{"start":{"line":38,"column":14},"end":{"line":43,"column":16}},"line":38}},"branchMap":{"0":{"loc":{"start":{"line":24,"column":22},"end":{"line":24,"column":55}},"type":"cond-expr","locations":[{"start":{"line":24,"column":32},"end":{"line":24,"column":38}},{"start":{"line":24,"column":41},"end":{"line":24,"column":55}}],"line":24},"1":{"loc":{"start":{"line":39,"column":22},"end":{"line":39,"column":53}},"type":"cond-expr","locations":[{"start":{"line":39,"column":32},"end":{"line":39,"column":37}},{"start":{"line":39,"column":40},"end":{"line":39,"column":53}}],"line":39}},"s":{"0":0,"1":0,"2":0,"3":0,"4":0,"5":0},"f":{"0":0,"1":0,"2":0},"b":{"0":[0,0],"1":[0,0]}}
,"/home/msi/Dokumenter/Arbejde/Projekter/React Native/NewAppRepo/src/constants/colors.ts": {"path":"/home/msi/Dokumenter/Arbejde/Projekter/React Native/NewAppRepo/src/constants/colors.ts","statementMap":{"0":{"start":{"line":1,"column":15},"end":{"line":4,"column":1}}},"fnMap":{},"branchMap":{},"s":{"0":2},"f":{},"b":{},"_coverageSchema":"1a1c01bbd47fc00a2c39e90264f33305004495a9","hash":"3949f8de0c4ccab0f2d34519e40b9c4def60d875"}
,"/home/msi/Dokumenter/Arbejde/Projekter/React Native/NewAppRepo/src/features/Home/index.tsx": {"path":"/home/msi/Dokumenter/Arbejde/Projekter/React Native/NewAppRepo/src/features/Home/index.tsx","statementMap":{"0":{"start":{"line":7,"column":14},"end":{"line":7,"column":30}},"1":{"start":{"line":9,"column":2},"end":{"line":13,"column":4}},"2":{"start":{"line":18,"column":15},"end":{"line":30,"column":2}}},"fnMap":{"0":{"name":"Home","decl":{"start":{"line":6,"column":9},"end":{"line":6,"column":13}},"loc":{"start":{"line":6,"column":16},"end":{"line":14,"column":1}},"line":6}},"branchMap":{},"s":{"0":2,"1":2,"2":1},"f":{"0":2},"b":{},"_coverageSchema":"1a1c01bbd47fc00a2c39e90264f33305004495a9","hash":"92d6c4b40791a50804eb67fadda8a6c77cbc9b78"}
,"/home/msi/Dokumenter/Arbejde/Projekter/React Native/NewAppRepo/src/features/Settings/index.tsx": {"path":"/home/msi/Dokumenter/Arbejde/Projekter/React Native/NewAppRepo/src/features/Settings/index.tsx","statementMap":{"0":{"start":{"line":7,"column":20},"end":{"line":7,"column":36}},"1":{"start":{"line":8,"column":2},"end":{"line":14,"column":4}},"2":{"start":{"line":11,"column":50},"end":{"line":11,"column":75}},"3":{"start":{"line":12,"column":49},"end":{"line":12,"column":74}},"4":{"start":{"line":19,"column":15},"end":{"line":26,"column":2}}},"fnMap":{"0":{"name":"Settings","decl":{"start":{"line":6,"column":9},"end":{"line":6,"column":17}},"loc":{"start":{"line":6,"column":20},"end":{"line":15,"column":1}},"line":6},"1":{"name":"(anonymous_1)","decl":{"start":{"line":11,"column":44},"end":{"line":11,"column":45}},"loc":{"start":{"line":11,"column":50},"end":{"line":11,"column":75}},"line":11},"2":{"name":"(anonymous_2)","decl":{"start":{"line":12,"column":43},"end":{"line":12,"column":44}},"loc":{"start":{"line":12,"column":49},"end":{"line":12,"column":74}},"line":12}},"branchMap":{},"s":{"0":0,"1":0,"2":0,"3":0,"4":0},"f":{"0":0,"1":0,"2":0},"b":{}}
,"/home/msi/Dokumenter/Arbejde/Projekter/React Native/NewAppRepo/src/i18n/index.ts": {"path":"/home/msi/Dokumenter/Arbejde/Projekter/React Native/NewAppRepo/src/i18n/index.ts","statementMap":{"0":{"start":{"line":5,"column":18},"end":{"line":22,"column":1}},"1":{"start":{"line":24,"column":0},"end":{"line":36,"column":5}}},"fnMap":{},"branchMap":{},"s":{"0":0,"1":0},"f":{},"b":{}}
}
